Performing C SOURCE FILE Test CMAKE_HAVE_LIBC_PTHREAD failed with the following output:
Change Dir: /home/ca/LearnRepository/build/CMakeFiles/CMakeTmp

Run Build Command(s):/usr/bin/make -f Makefile cmTC_30f98/fast && /usr/bin/make  -f CMakeFiles/cmTC_30f98.dir/build.make CMakeFiles/cmTC_30f98.dir/build
make[1]: 进入目录“/home/ca/LearnRepository/build/CMakeFiles/CMakeTmp”
Building C object CMakeFiles/cmTC_30f98.dir/src.c.o
/usr/bin/clang -DCMAKE_HAVE_LIBC_PTHREAD   -MD -MT CMakeFiles/cmTC_30f98.dir/src.c.o -MF CMakeFiles/cmTC_30f98.dir/src.c.o.d -o CMakeFiles/cmTC_30f98.dir/src.c.o -c /home/ca/LearnRepository/build/CMakeFiles/CMakeTmp/src.c
Linking C executable cmTC_30f98
/usr/share/cmake-3.23.2/bin/cmake -E cmake_link_script CMakeFiles/cmTC_30f98.dir/link.txt --verbose=1
/usr/bin/clang CMakeFiles/cmTC_30f98.dir/src.c.o -o cmTC_30f98 
/usr/bin/ld: CMakeFiles/cmTC_30f98.dir/src.c.o: in function `main':
src.c:(.text+0x25): undefined reference to `pthread_create'
/usr/bin/ld: src.c:(.text+0x31): undefined reference to `pthread_detach'
/usr/bin/ld: src.c:(.text+0x3d): undefined reference to `pthread_cancel'
/usr/bin/ld: src.c:(.text+0x4f): undefined reference to `pthread_join'
clang: error: linker command failed with exit code 1 (use -v to see invocation)
make[1]: *** [CMakeFiles/cmTC_30f98.dir/build.make:100：cmTC_30f98] 错误 1
make[1]: 离开目录“/home/ca/LearnRepository/build/CMakeFiles/CMakeTmp”
make: *** [Makefile:127：cmTC_30f98/fast] 错误 2


Source file was:
#include <pthread.h>

static void* test_func(void* data)
{
  return data;
}

int main(void)
{
  pthread_t thread;
  pthread_create(&thread, NULL, test_func, NULL);
  pthread_detach(thread);
  pthread_cancel(thread);
  pthread_join(thread, NULL);
  pthread_atfork(NULL, NULL, NULL);
  pthread_exit(NULL);

  return 0;
}

Determining if the function pthread_create exists in the pthreads failed with the following output:
Change Dir: /home/ca/LearnRepository/build/CMakeFiles/CMakeTmp

Run Build Command(s):/usr/bin/make -f Makefile cmTC_84aed/fast && /usr/bin/make  -f CMakeFiles/cmTC_84aed.dir/build.make CMakeFiles/cmTC_84aed.dir/build
make[1]: 进入目录“/home/ca/LearnRepository/build/CMakeFiles/CMakeTmp”
Building C object CMakeFiles/cmTC_84aed.dir/CheckFunctionExists.c.o
/usr/bin/clang   -DCHECK_FUNCTION_EXISTS=pthread_create -MD -MT CMakeFiles/cmTC_84aed.dir/CheckFunctionExists.c.o -MF CMakeFiles/cmTC_84aed.dir/CheckFunctionExists.c.o.d -o CMakeFiles/cmTC_84aed.dir/CheckFunctionExists.c.o -c /usr/share/cmake-3.23.2/share/cmake-3.23/Modules/CheckFunctionExists.c
Linking C executable cmTC_84aed
/usr/share/cmake-3.23.2/bin/cmake -E cmake_link_script CMakeFiles/cmTC_84aed.dir/link.txt --verbose=1
/usr/bin/clang  -DCHECK_FUNCTION_EXISTS=pthread_create CMakeFiles/cmTC_84aed.dir/CheckFunctionExists.c.o -o cmTC_84aed  -lpthreads 
/usr/bin/ld: 找不到 -lpthreads
clang: error: linker command failed with exit code 1 (use -v to see invocation)
make[1]: *** [CMakeFiles/cmTC_84aed.dir/build.make:100：cmTC_84aed] 错误 1
make[1]: 离开目录“/home/ca/LearnRepository/build/CMakeFiles/CMakeTmp”
make: *** [Makefile:127：cmTC_84aed/fast] 错误 2



